Using pre-set license
Built from '2021.1/release' branch; Version is '2021.1.1f1 (6fdc41dfa55a) revision 7330881'; Using compiler version '192528614'; Build Type 'Release'
OS: 'Windows 10 Education; OS build 19042.1288; Version 2009; 64bit' Language: 'en' Physical Memory: 16316 MB
BatchMode: 1, IsHumanControllingUs: 0, StartBugReporterOnCrash: 0, Is64bit: 1, IsPro: 0

 COMMAND LINE ARGUMENTS:
C:\Program Files\Unity\Hub\Editor\2021.1.1f1\Editor\Unity.exe
-adb2
-batchMode
-noUpm
-name
AssetImportWorker0
-projectPath
C:/Users/isu/Documents/GitHub/CatchThrow/ShotEmUp
-logFile
Logs/AssetImportWorker0.log
-srvPort
58265
Successfully changed project path to: C:/Users/isu/Documents/GitHub/CatchThrow/ShotEmUp
C:/Users/isu/Documents/GitHub/CatchThrow/ShotEmUp
Using Asset Import Pipeline V2.
Refreshing native plugins compatible for Editor in 109.41 ms, found 2 plugins.
Preloading 0 native plugins for Editor in 0.00 ms.
Initialize engine version: 2021.1.1f1 (6fdc41dfa55a)
[Subsystems] Discovering subsystems at path C:/Program Files/Unity/Hub/Editor/2021.1.1f1/Editor/Data/Resources/UnitySubsystems
[Subsystems] Discovering subsystems at path C:/Users/isu/Documents/GitHub/CatchThrow/ShotEmUp/Assets
GfxDevice: creating device client; threaded=0; jobified=0
Direct3D:
    Version:  Direct3D 11.0 [level 11.0]
    Renderer: NVIDIA GeForce GT 710 (ID=0x128b)
    Vendor:   NVIDIA
    VRAM:     2007 MB
    Driver:   30.0.14.7212
Initialize mono
Mono path[0] = 'C:/Program Files/Unity/Hub/Editor/2021.1.1f1/Editor/Data/Managed'
Mono path[1] = 'C:/Program Files/Unity/Hub/Editor/2021.1.1f1/Editor/Data/MonoBleedingEdge/lib/mono/unityjit'
Mono config path = 'C:/Program Files/Unity/Hub/Editor/2021.1.1f1/Editor/Data/MonoBleedingEdge/etc'
Using monoOptions --debugger-agent=transport=dt_socket,embedding=1,server=y,suspend=n,address=127.0.0.1:56516
Begin MonoManager ReloadAssembly
Registering precompiled unity dll's ...
Register platform support module: C:/Program Files/Unity/Hub/Editor/2021.1.1f1/Editor/Data/PlaybackEngines/WindowsStandaloneSupport/UnityEditor.WindowsStandalone.Extensions.dll
Registered in 0.001503 seconds.
Native extension for WindowsStandalone target not found
Refreshing native plugins compatible for Editor in 96.20 ms, found 2 plugins.
Preloading 0 native plugins for Editor in 0.00 ms.
Mono: successfully reloaded assembly
- Completed reload, in  1.514 seconds
Platform modules already initialized, skipping
Registering precompiled user dll's ...
Registered in 0.004725 seconds.
Begin MonoManager ReloadAssembly
Native extension for WindowsStandalone target not found
Refreshing native plugins compatible for Editor in 98.74 ms, found 2 plugins.
Preloading 0 native plugins for Editor in 0.00 ms.
Mono: successfully reloaded assembly
- Completed reload, in  1.991 seconds
Platform modules already initialized, skipping
========================================================================
Worker process is ready to serve import requests
Launched and connected shader compiler UnityShaderCompiler.exe after 0.03 seconds
Refreshing native plugins compatible for Editor in 1.59 ms, found 2 plugins.
Preloading 0 native plugins for Editor in 0.00 ms.
Unloading 4133 Unused Serialized files (Serialized files now loaded: 0)
System memory in use before: 158.3 MB.
System memory in use after: 158.4 MB.

Unloading 209 unused Assets to reduce memory usage. Loaded Objects now: 4490.
Total: 4.101800 ms (FindLiveObjects: 0.359000 ms CreateObjectMapping: 0.265600 ms MarkObjects: 3.249700 ms  DeleteObjects: 0.226100 ms)

========================================================================
Received Import Request.
  path: Assets/Scenes
  artifactKey: Guid(f7b66c42ee145314083f073e99178630) Importer(815301076,1909f56bfc062723c751e8b465ee728b)
Start importing Assets/Scenes using Guid(f7b66c42ee145314083f073e99178630) Importer(815301076,1909f56bfc062723c751e8b465ee728b)  -> (artifact id: 'aa0d063d248a8f22730f81acf40c04ca') in 0.009610 seconds 
========================================================================
Received Import Request.
  Time since last request: 0.000321 seconds.
  path: Assets/Scenes/SampleScene.unity
  artifactKey: Guid(9fc0d4010bbf28b4594072e72b8655ab) Importer(815301076,1909f56bfc062723c751e8b465ee728b)
Start importing Assets/Scenes/SampleScene.unity using Guid(9fc0d4010bbf28b4594072e72b8655ab) Importer(815301076,1909f56bfc062723c751e8b465ee728b)  -> (artifact id: '2b8425340930f8bf7e6a9e7292137826') in 0.006749 seconds 
========================================================================
Received Import Request.
  Time since last request: 14.644200 seconds.
  path: Assets/GoogleMobileAds/Resources/GoogleMobileAdsSettings.asset
  artifactKey: Guid(53b16beef89ff3a44b72fa18367e15b5) Importer(815301076,1909f56bfc062723c751e8b465ee728b)
Start importing Assets/GoogleMobileAds/Resources/GoogleMobileAdsSettings.asset using Guid(53b16beef89ff3a44b72fa18367e15b5) Importer(815301076,1909f56bfc062723c751e8b465ee728b)  -> (artifact id: '87e55f8e9e99ae39bc6e66b988950753') in 0.036223 seconds 
========================================================================
Received Import Request.
  Time since last request: 40.425451 seconds.
  path: Assets/_Scripts/For Ads
  artifactKey: Guid(0fd63b0ff59a41d41812d79bff1b8f34) Importer(815301076,1909f56bfc062723c751e8b465ee728b)
Start importing Assets/_Scripts/For Ads using Guid(0fd63b0ff59a41d41812d79bff1b8f34) Importer(815301076,1909f56bfc062723c751e8b465ee728b)  -> (artifact id: '9521895856426064cf8d76c0d047e9fe') in 0.011865 seconds 
========================================================================
Received Import Request.
  Time since last request: 1.498373 seconds.
  path: Assets/_Scripts/For Ads/GoogleAds.cs
  artifactKey: Guid(0ef63a7dd2b92274c9924a65349333ca) Importer(815301076,1909f56bfc062723c751e8b465ee728b)
Start importing Assets/_Scripts/For Ads/GoogleAds.cs using Guid(0ef63a7dd2b92274c9924a65349333ca) Importer(815301076,1909f56bfc062723c751e8b465ee728b)  -> (artifact id: '8f74961411566fffa0601e4c39a470a3') in 0.190074 seconds 
========================================================================
Received Import Request.
  Time since last request: 813.878824 seconds.
  path: Assets/_Scripts/Controllers
  artifactKey: Guid(0b4808cc600b4f840ad123cc1f49dd14) Importer(815301076,1909f56bfc062723c751e8b465ee728b)
Start importing Assets/_Scripts/Controllers using Guid(0b4808cc600b4f840ad123cc1f49dd14) Importer(815301076,1909f56bfc062723c751e8b465ee728b)  -> (artifact id: '29d0358ae78edbfb68eeac987ffdf6c7') in 0.006453 seconds 
========================================================================
Received Import Request.
  Time since last request: 2.547901 seconds.
  path: Assets/_Scripts/Controllers/PlayerControls.cs
  artifactKey: Guid(d691525509447f14caa98ac53dcb297f) Importer(815301076,1909f56bfc062723c751e8b465ee728b)
Start importing Assets/_Scripts/Controllers/PlayerControls.cs using Guid(d691525509447f14caa98ac53dcb297f) Importer(815301076,1909f56bfc062723c751e8b465ee728b)  -> (artifact id: '32181aff426e5295ca30eed22883f1fc') in 0.083433 seconds 
========================================================================
Received Prepare
Registering precompiled user dll's ...
Registered in 0.004685 seconds.
Begin MonoManager ReloadAssembly
Native extension for WindowsStandalone target not found
Refreshing native plugins compatible for Editor in 1.26 ms, found 2 plugins.
Preloading 0 native plugins for Editor in 0.00 ms.
Warning: Annotation not found!

Mono: successfully reloaded assembly
- Completed reload, in  1.073 seconds
Platform modules already initialized, skipping
Refreshing native plugins compatible for Editor in 1.18 ms, found 2 plugins.
Preloading 0 native plugins for Editor in 0.00 ms.
Unloading 4085 Unused Serialized files (Serialized files now loaded: 0)
System memory in use before: 155.2 MB.
System memory in use after: 155.4 MB.

Unloading 103 unused Assets to reduce memory usage. Loaded Objects now: 4494.
Total: 3.332000 ms (FindLiveObjects: 0.327400 ms CreateObjectMapping: 0.202900 ms MarkObjects: 2.729100 ms  DeleteObjects: 0.071800 ms)

========================================================================
Received Import Request.
  Time since last request: 180.431316 seconds.
  path: Assets/_Scripts/Controllers/LevelController.cs
  artifactKey: Guid(22ecc1a578cab0f4a9d115d868082fe8) Importer(815301076,1909f56bfc062723c751e8b465ee728b)
Start importing Assets/_Scripts/Controllers/LevelController.cs using Guid(22ecc1a578cab0f4a9d115d868082fe8) Importer(815301076,1909f56bfc062723c751e8b465ee728b)  -> (artifact id: '22679fdf8c701bf914b1ecdf30bbb40b') in 0.010456 seconds 
========================================================================
Received Import Request.
  Time since last request: 13.297717 seconds.
  path: Assets/_Scripts/Controllers/UIController.cs
  artifactKey: Guid(cbfc5c6fb40b9b74d861fd2c29b66be7) Importer(815301076,1909f56bfc062723c751e8b465ee728b)
Start importing Assets/_Scripts/Controllers/UIController.cs using Guid(cbfc5c6fb40b9b74d861fd2c29b66be7) Importer(815301076,1909f56bfc062723c751e8b465ee728b)  -> (artifact id: '522aa25c81037cb76fa32c759b5125c8') in 0.005724 seconds 
========================================================================
Received Import Request.
  Time since last request: 99.475867 seconds.
  path: Assets/_Scripts/Controllers/UIController.cs
  artifactKey: Guid(cbfc5c6fb40b9b74d861fd2c29b66be7) Importer(815301076,1909f56bfc062723c751e8b465ee728b)
Start importing Assets/_Scripts/Controllers/UIController.cs using Guid(cbfc5c6fb40b9b74d861fd2c29b66be7) Importer(815301076,1909f56bfc062723c751e8b465ee728b)  -> (artifact id: '445d11bd96861e5f5522ba65eee8aec9') in 0.002704 seconds 
========================================================================
Received Prepare
Registering precompiled user dll's ...
Registered in 0.004609 seconds.
Begin MonoManager ReloadAssembly
Native extension for WindowsStandalone target not found
Refreshing native plugins compatible for Editor in 1.43 ms, found 2 plugins.
Preloading 0 native plugins for Editor in 0.00 ms.
Warning: Annotation not found!

Mono: successfully reloaded assembly
- Completed reload, in  1.053 seconds
Platform modules already initialized, skipping
Refreshing native plugins compatible for Editor in 1.21 ms, found 2 plugins.
Preloading 0 native plugins for Editor in 0.00 ms.
Unloading 4085 Unused Serialized files (Serialized files now loaded: 0)
System memory in use before: 155.2 MB.
System memory in use after: 155.4 MB.

Unloading 103 unused Assets to reduce memory usage. Loaded Objects now: 4498.
Total: 3.059700 ms (FindLiveObjects: 0.334500 ms CreateObjectMapping: 0.185000 ms MarkObjects: 2.469000 ms  DeleteObjects: 0.070300 ms)

========================================================================
Received Prepare
Registering precompiled user dll's ...
Registered in 0.004908 seconds.
Begin MonoManager ReloadAssembly
Native extension for WindowsStandalone target not found
Refreshing native plugins compatible for Editor in 1.27 ms, found 2 plugins.
Preloading 0 native plugins for Editor in 0.00 ms.
Warning: Annotation not found!

Mono: successfully reloaded assembly
- Completed reload, in  1.058 seconds
Platform modules already initialized, skipping
Refreshing native plugins compatible for Editor in 1.31 ms, found 2 plugins.
Preloading 0 native plugins for Editor in 0.00 ms.
Unloading 4085 Unused Serialized files (Serialized files now loaded: 0)
System memory in use before: 155.3 MB.
System memory in use after: 155.5 MB.

Unloading 103 unused Assets to reduce memory usage. Loaded Objects now: 4502.
Total: 3.224600 ms (FindLiveObjects: 0.322900 ms CreateObjectMapping: 0.183100 ms MarkObjects: 2.637600 ms  DeleteObjects: 0.080100 ms)

========================================================================
Received Prepare
Registering precompiled user dll's ...
Registered in 0.004566 seconds.
Begin MonoManager ReloadAssembly
Native extension for WindowsStandalone target not found
Refreshing native plugins compatible for Editor in 1.21 ms, found 2 plugins.
Preloading 0 native plugins for Editor in 0.00 ms.
Warning: Annotation not found!

Mono: successfully reloaded assembly
- Completed reload, in  1.068 seconds
Platform modules already initialized, skipping
Refreshing native plugins compatible for Editor in 1.25 ms, found 2 plugins.
Preloading 0 native plugins for Editor in 0.00 ms.
Unloading 4085 Unused Serialized files (Serialized files now loaded: 0)
System memory in use before: 155.3 MB.
System memory in use after: 155.5 MB.

Unloading 103 unused Assets to reduce memory usage. Loaded Objects now: 4506.
Total: 3.016400 ms (FindLiveObjects: 0.315100 ms CreateObjectMapping: 0.190700 ms MarkObjects: 2.435100 ms  DeleteObjects: 0.074700 ms)

========================================================================
Received Prepare
Registering precompiled user dll's ...
Registered in 0.004607 seconds.
Begin MonoManager ReloadAssembly
Native extension for WindowsStandalone target not found
Refreshing native plugins compatible for Editor in 1.21 ms, found 2 plugins.
Preloading 0 native plugins for Editor in 0.00 ms.
Warning: Annotation not found!

Mono: successfully reloaded assembly
- Completed reload, in  1.073 seconds
Platform modules already initialized, skipping
Refreshing native plugins compatible for Editor in 1.33 ms, found 2 plugins.
Preloading 0 native plugins for Editor in 0.00 ms.
Unloading 4085 Unused Serialized files (Serialized files now loaded: 0)
System memory in use before: 155.3 MB.
System memory in use after: 155.5 MB.

Unloading 103 unused Assets to reduce memory usage. Loaded Objects now: 4510.
Total: 3.259900 ms (FindLiveObjects: 0.358300 ms CreateObjectMapping: 0.198100 ms MarkObjects: 2.622700 ms  DeleteObjects: 0.079400 ms)

========================================================================
Received Prepare
Registering precompiled user dll's ...
Registered in 0.004672 seconds.
Begin MonoManager ReloadAssembly
Native extension for WindowsStandalone target not found
Refreshing native plugins compatible for Editor in 1.25 ms, found 2 plugins.
Preloading 0 native plugins for Editor in 0.00 ms.
Warning: Annotation not found!

Mono: successfully reloaded assembly
- Completed reload, in  1.034 seconds
Platform modules already initialized, skipping
Refreshing native plugins compatible for Editor in 1.19 ms, found 2 plugins.
Preloading 0 native plugins for Editor in 0.00 ms.
Unloading 4085 Unused Serialized files (Serialized files now loaded: 0)
System memory in use before: 155.3 MB.
System memory in use after: 155.5 MB.

Unloading 103 unused Assets to reduce memory usage. Loaded Objects now: 4514.
Total: 3.683100 ms (FindLiveObjects: 0.379500 ms CreateObjectMapping: 0.212100 ms MarkObjects: 3.015200 ms  DeleteObjects: 0.075200 ms)

AssetImportWorkerClient::OnTransportError - code=2 error=End of file
