Using pre-set license
Built from '2021.1/release' branch; Version is '2021.1.1f1 (6fdc41dfa55a) revision 7330881'; Using compiler version '192528614'; Build Type 'Release'
OS: 'Windows 10 Education; OS build 19042.1288; Version 2009; 64bit' Language: 'en' Physical Memory: 8124 MB
BatchMode: 1, IsHumanControllingUs: 0, StartBugReporterOnCrash: 0, Is64bit: 1, IsPro: 0

 COMMAND LINE ARGUMENTS:
C:\Program Files\Unity\Hub\Editor\2021.1.1f1\Editor\Unity.exe
-adb2
-batchMode
-noUpm
-name
AssetImportWorker1
-projectPath
C:/Users/isu/Desktop/ShotEmUp
-logFile
Logs/AssetImportWorker1.log
-srvPort
61683
Successfully changed project path to: C:/Users/isu/Desktop/ShotEmUp
C:/Users/isu/Desktop/ShotEmUp
Using Asset Import Pipeline V2.
Refreshing native plugins compatible for Editor in 99.68 ms, found 2 plugins.
Preloading 0 native plugins for Editor in 0.00 ms.
Initialize engine version: 2021.1.1f1 (6fdc41dfa55a)
[Subsystems] Discovering subsystems at path C:/Program Files/Unity/Hub/Editor/2021.1.1f1/Editor/Data/Resources/UnitySubsystems
[Subsystems] Discovering subsystems at path C:/Users/isu/Desktop/ShotEmUp/Assets
GfxDevice: creating device client; threaded=0; jobified=0
Direct3D:
    Version:  Direct3D 11.0 [level 11.1]
    Renderer: NVIDIA GeForce RTX 2060 (ID=0x1f08)
    Vendor:   NVIDIA
    VRAM:     5980 MB
    Driver:   30.0.14.7212
Initialize mono
Mono path[0] = 'C:/Program Files/Unity/Hub/Editor/2021.1.1f1/Editor/Data/Managed'
Mono path[1] = 'C:/Program Files/Unity/Hub/Editor/2021.1.1f1/Editor/Data/MonoBleedingEdge/lib/mono/unityjit'
Mono config path = 'C:/Program Files/Unity/Hub/Editor/2021.1.1f1/Editor/Data/MonoBleedingEdge/etc'
Using monoOptions --debugger-agent=transport=dt_socket,embedding=1,server=y,suspend=n,address=127.0.0.1:56552
Begin MonoManager ReloadAssembly
Registering precompiled unity dll's ...
Register platform support module: C:/Program Files/Unity/Hub/Editor/2021.1.1f1/Editor/Data/PlaybackEngines/WindowsStandaloneSupport/UnityEditor.WindowsStandalone.Extensions.dll
Registered in 0.001345 seconds.
Native extension for WindowsStandalone target not found
Refreshing native plugins compatible for Editor in 88.74 ms, found 2 plugins.
Preloading 0 native plugins for Editor in 0.00 ms.
Mono: successfully reloaded assembly
- Completed reload, in  1.770 seconds
Platform modules already initialized, skipping
Registering precompiled user dll's ...
Registered in 0.004332 seconds.
Begin MonoManager ReloadAssembly
Native extension for WindowsStandalone target not found
Refreshing native plugins compatible for Editor in 86.71 ms, found 2 plugins.
Preloading 0 native plugins for Editor in 0.00 ms.
Mono: successfully reloaded assembly
- Completed reload, in  1.957 seconds
Platform modules already initialized, skipping
========================================================================
Worker process is ready to serve import requests
Launched and connected shader compiler UnityShaderCompiler.exe after 0.04 seconds
Refreshing native plugins compatible for Editor in 1.92 ms, found 2 plugins.
Preloading 0 native plugins for Editor in 0.00 ms.
Unloading 4134 Unused Serialized files (Serialized files now loaded: 0)
System memory in use before: 158.2 MB.
System memory in use after: 158.4 MB.

Unloading 209 unused Assets to reduce memory usage. Loaded Objects now: 4493.
Total: 3.917100 ms (FindLiveObjects: 0.376100 ms CreateObjectMapping: 0.242800 ms MarkObjects: 2.980900 ms  DeleteObjects: 0.316000 ms)

========================================================================
Received Import Request.
  path: Assets/_Scripts/Controllers/PlayerControls.cs
  artifactKey: Guid(d691525509447f14caa98ac53dcb297f) Importer(815301076,1909f56bfc062723c751e8b465ee728b)
Start importing Assets/_Scripts/Controllers/PlayerControls.cs using Guid(d691525509447f14caa98ac53dcb297f) Importer(815301076,1909f56bfc062723c751e8b465ee728b)  -> (artifact id: '11335edb4dcbe467add824e07d22b345') in 0.025915 seconds 
========================================================================
Received Import Request.
  Time since last request: 0.000607 seconds.
  path: Assets/_Scripts/Controllers/LevelController.cs
  artifactKey: Guid(22ecc1a578cab0f4a9d115d868082fe8) Importer(815301076,1909f56bfc062723c751e8b465ee728b)
Start importing Assets/_Scripts/Controllers/LevelController.cs using Guid(22ecc1a578cab0f4a9d115d868082fe8) Importer(815301076,1909f56bfc062723c751e8b465ee728b)  -> (artifact id: 'bdf3034cf93bf2315304e424f6717e3a') in 0.007632 seconds 
========================================================================
Received Import Request.
  Time since last request: 0.000197 seconds.
  path: Assets/_Scripts/Controllers/UIController.cs
  artifactKey: Guid(cbfc5c6fb40b9b74d861fd2c29b66be7) Importer(815301076,1909f56bfc062723c751e8b465ee728b)
Start importing Assets/_Scripts/Controllers/UIController.cs using Guid(cbfc5c6fb40b9b74d861fd2c29b66be7) Importer(815301076,1909f56bfc062723c751e8b465ee728b)  -> (artifact id: '4865d00288bbeb401c69d19e18de0431') in 0.008149 seconds 
========================================================================
Received Prepare
Refreshing native plugins compatible for Editor in 39.27 ms, found 2 plugins.
Preloading 0 native plugins for Editor in 0.00 ms.
Unloading 101 Unused Serialized files (Serialized files now loaded: 0)
System memory in use before: 75.8 MB.
System memory in use after: 76.0 MB.

Unloading 101 unused Assets to reduce memory usage. Loaded Objects now: 4493.
Total: 12.656800 ms (FindLiveObjects: 1.430800 ms CreateObjectMapping: 1.761700 ms MarkObjects: 9.298800 ms  DeleteObjects: 0.161100 ms)

========================================================================
Received Import Request.
  Time since last request: 32.650055 seconds.
  path: Assets/_Scripts/Controllers/UIController.cs
  artifactKey: Guid(cbfc5c6fb40b9b74d861fd2c29b66be7) Importer(815301076,1909f56bfc062723c751e8b465ee728b)
Start importing Assets/_Scripts/Controllers/UIController.cs using Guid(cbfc5c6fb40b9b74d861fd2c29b66be7) Importer(815301076,1909f56bfc062723c751e8b465ee728b)  -> (artifact id: '252fb4fe1b268416e8792f18033c0daa') in 0.003408 seconds 
========================================================================
Received Prepare
Registering precompiled user dll's ...
Registered in 0.004267 seconds.
Begin MonoManager ReloadAssembly
Native extension for WindowsStandalone target not found
Refreshing native plugins compatible for Editor in 1.86 ms, found 2 plugins.
Preloading 0 native plugins for Editor in 0.00 ms.
Warning: Annotation not found!

Mono: successfully reloaded assembly
- Completed reload, in  1.066 seconds
Platform modules already initialized, skipping
Switching build target platform(19) subTarget(0) extendedPlatform(0) -> platform(13) subTarget(537395200) extendedPlatform(0)
Refreshing native plugins compatible for Editor in 1.26 ms, found 2 plugins.
Preloading 0 native plugins for Editor in 0.00 ms.
Unloading 4089 Unused Serialized files (Serialized files now loaded: 0)
System memory in use before: 155.1 MB.
System memory in use after: 155.3 MB.

Unloading 103 unused Assets to reduce memory usage. Loaded Objects now: 4497.
Total: 3.245300 ms (FindLiveObjects: 0.380600 ms CreateObjectMapping: 0.243600 ms MarkObjects: 2.553700 ms  DeleteObjects: 0.066200 ms)

AssetImportParameters requested are different than current active one (requested -> active):
  custom:graphics/normal-map-encoding: 01000000000000000000000000000000 -> 02000000000000000000000000000000
========================================================================
Received Prepare
Registering precompiled user dll's ...
Registered in 0.004395 seconds.
Begin MonoManager ReloadAssembly
Native extension for WindowsStandalone target not found
Refreshing native plugins compatible for Editor in 1.17 ms, found 2 plugins.
Preloading 0 native plugins for Editor in 0.00 ms.
Warning: Annotation not found!

Mono: successfully reloaded assembly
- Completed reload, in  0.981 seconds
Platform modules already initialized, skipping
Switching build target platform(19) subTarget(0) extendedPlatform(0) -> platform(13) subTarget(537395200) extendedPlatform(0)
Refreshing native plugins compatible for Editor in 1.20 ms, found 2 plugins.
Preloading 0 native plugins for Editor in 0.00 ms.
Unloading 4089 Unused Serialized files (Serialized files now loaded: 0)
System memory in use before: 155.1 MB.
System memory in use after: 155.3 MB.

Unloading 103 unused Assets to reduce memory usage. Loaded Objects now: 4501.
Total: 3.277600 ms (FindLiveObjects: 0.384100 ms CreateObjectMapping: 0.208800 ms MarkObjects: 2.625900 ms  DeleteObjects: 0.058000 ms)

AssetImportParameters requested are different than current active one (requested -> active):
  custom:graphics/normal-map-encoding: 01000000000000000000000000000000 -> 02000000000000000000000000000000
========================================================================
Received Prepare
Registering precompiled user dll's ...
Registered in 0.004914 seconds.
Begin MonoManager ReloadAssembly
Native extension for WindowsStandalone target not found
Refreshing native plugins compatible for Editor in 2.07 ms, found 2 plugins.
Preloading 0 native plugins for Editor in 0.00 ms.
Warning: Annotation not found!

Mono: successfully reloaded assembly
- Completed reload, in  1.056 seconds
Platform modules already initialized, skipping
Switching build target platform(19) subTarget(0) extendedPlatform(0) -> platform(13) subTarget(537395200) extendedPlatform(0)
Refreshing native plugins compatible for Editor in 1.34 ms, found 2 plugins.
Preloading 0 native plugins for Editor in 0.00 ms.
Unloading 4089 Unused Serialized files (Serialized files now loaded: 0)
System memory in use before: 155.2 MB.
System memory in use after: 155.4 MB.

Unloading 103 unused Assets to reduce memory usage. Loaded Objects now: 4505.
Total: 3.366500 ms (FindLiveObjects: 0.404900 ms CreateObjectMapping: 0.263700 ms MarkObjects: 2.640800 ms  DeleteObjects: 0.056100 ms)

AssetImportParameters requested are different than current active one (requested -> active):
  custom:graphics/normal-map-encoding: 01000000000000000000000000000000 -> 02000000000000000000000000000000
AssetImportWorkerClient::OnTransportError - code=2 error=End of file
